d:\포트폴리오\2학년\win32 api\apiframework\debug\vc141.pdb
d:\포트폴리오\2학년\win32 api\apiframework\debug\vc141.idb
d:\포트폴리오\2학년\win32 api\apiframework\debug\cmaingame.obj
d:\포트폴리오\2학년\win32 api\apiframework\debug\cingamescene.obj
d:\포트폴리오\2학년\win32 api\apiframework\debug\cloadscene.obj
d:\포트폴리오\2학년\win32 api\apiframework\debug\framework.pch
d:\포트폴리오\2학년\win32 api\apiframework\debug\stdafx.obj
d:\포트폴리오\2학년\win32 api\apiframework\debug\ctexture.obj
d:\포트폴리오\2학년\win32 api\apiframework\debug\csingletexture.obj
d:\포트폴리오\2학년\win32 api\apiframework\debug\cscenemanager.obj
d:\포트폴리오\2학년\win32 api\apiframework\debug\cscene.obj
d:\포트폴리오\2학년\win32 api\apiframework\debug\cmultitexture.obj
d:\포트폴리오\2학년\win32 api\apiframework\debug\cinputmanager.obj
d:\포트폴리오\2학년\win32 api\apiframework\debug\cimagemanager.obj
d:\포트폴리오\2학년\win32 api\apiframework\debug\framework.obj
d:\포트폴리오\2학년\win32 api\apiframework\debug\ccustomgame.obj
d:\포트폴리오\2학년\win32 api\apiframework\debug\framework.res
d:\포트폴리오\2학년\win32 api\apiframework\debug\framework.exe
d:\포트폴리오\2학년\win32 api\apiframework\debug\framework.ilk
d:\포트폴리오\2학년\win32 api\apiframework\debug\framework.pdb
d:\포트폴리오\2학년\win32 api\apiframework\debug\framework.tlog\cl.command.1.tlog
d:\포트폴리오\2학년\win32 api\apiframework\debug\framework.tlog\link.command.1.tlog
d:\포트폴리오\2학년\win32 api\apiframework\debug\framework.tlog\rc.command.1.tlog
d:\포트폴리오\2학년\win32 api\apiframework\debug\framework.tlog\cl.read.1.tlog
d:\포트폴리오\2학년\win32 api\apiframework\debug\framework.tlog\link.read.1.tlog
d:\포트폴리오\2학년\win32 api\apiframework\debug\framework.tlog\rc.read.1.tlog
d:\포트폴리오\2학년\win32 api\apiframework\debug\framework.tlog\cl.write.1.tlog
d:\포트폴리오\2학년\win32 api\apiframework\debug\framework.tlog\rc.write.1.tlog
d:\포트폴리오\2학년\win32 api\apiframework\debug\framework.tlog\link.write.1.tlog
